<?xml version="1.0" encoding="UTF-8"?>
<ns2:test-suite xmlns:ns2="urn:model.allure.qatools.yandex.ru" start="1491992913505" stop="1491992920275">
	<name>testGmail</name>
	<title>testGmail</title>
	<test-cases>
		<test-case start="1491992913505" stop="1491992918186" status="failed">
			<name>validate user credential</name>
			<title>validate user credential</title>
			<description></description>
			<labels>
			</labels>
			<steps>
			</steps>
			<attachments>
			</attachments>
			<failure>
				<message>Failed: log is not defined</message>
				<stack-trace>ReferenceError: log is not defined
    at Object.&lt;anonymous&gt; (D:\protractor\practice\gmailLogin.js:22:25)
    at C:\Users\thinksysuser\AppData\Roaming\npm\node_modules\protractor\node_modules\jasminewd2\index.js:110:25
    at new ManagedPromise (C:\Users\thinksysuser\AppData\Roaming\npm\node_modules\protractor\node_modules\selenium-webdriver\lib\promise.js:1067:7)
    at ControlFlow.promise (C:\Users\thinksysuser\AppData\Roaming\npm\node_modules\protractor\node_modules\selenium-webdriver\lib\promise.js:2396:12)
    at schedulerExecute (C:\Users\thinksysuser\AppData\Roaming\npm\node_modules\protractor\node_modules\jasminewd2\index.js:95:18)
    at TaskQueue.execute_ (C:\Users\thinksysuser\AppData\Roaming\npm\node_modules\protractor\node_modules\selenium-webdriver\lib\promise.js:2970:14)
    at TaskQueue.executeNext_ (C:\Users\thinksysuser\AppData\Roaming\npm\node_modules\protractor\node_modules\selenium-webdriver\lib\promise.js:2953:27)
    at asyncRun (C:\Users\thinksysuser\AppData\Roaming\npm\node_modules\protractor\node_modules\selenium-webdriver\lib\promise.js:2860:25)
    at C:\Users\thinksysuser\AppData\Roaming\npm\node_modules\protractor\node_modules\selenium-webdriver\lib\promise.js:676:7
    at process._tickCallback (internal/process/next_tick.js:103:7)
From: Task: Run it(&quot;validate user credential&quot;) in control flow
    at Object.&lt;anonymous&gt; (C:\Users\thinksysuser\AppData\Roaming\npm\node_modules\protractor\node_modules\jasminewd2\index.js:94:19)
    at attemptAsync (C:\Users\thinksysuser\AppData\Roaming\npm\node_modules\protractor\node_modules\jasmine-core\lib\jasmine-core\jasmine.js:1980:24)
    at QueueRunner.run (C:\Users\thinksysuser\AppData\Roaming\npm\node_modules\protractor\node_modules\jasmine-core\lib\jasmine-core\jasmine.js:1935:9)
    at C:\Users\thinksysuser\AppData\Roaming\npm\node_modules\protractor\node_modules\jasmine-core\lib\jasmine-core\jasmine.js:1962:16
    at C:\Users\thinksysuser\AppData\Roaming\npm\node_modules\protractor\node_modules\jasmine-core\lib\jasmine-core\jasmine.js:1905:9
    at C:\Users\thinksysuser\AppData\Roaming\npm\node_modules\protractor\node_modules\jasminewd2\index.js:64:48
    at ControlFlow.emit (C:\Users\thinksysuser\AppData\Roaming\npm\node_modules\protractor\node_modules\selenium-webdriver\lib\events.js:62:21)
    at ControlFlow.shutdown_ (C:\Users\thinksysuser\AppData\Roaming\npm\node_modules\protractor\node_modules\selenium-webdriver\lib\promise.js:2565:10)
    at shutdownTask_.MicroTask (C:\Users\thinksysuser\AppData\Roaming\npm\node_modules\protractor\node_modules\selenium-webdriver\lib\promise.js:2490:53)
    at MicroTask.asyncRun (C:\Users\thinksysuser\AppData\Roaming\npm\node_modules\protractor\node_modules\selenium-webdriver\lib\promise.js:2619:9)
    at C:\Users\thinksysuser\AppData\Roaming\npm\node_modules\protractor\node_modules\selenium-webdriver\lib\promise.js:676:7
    at process._tickCallback (internal/process/next_tick.js:103:7)
From asynchronous test: 
Error
    at D:\protractor\practice\gmailLogin.js:15:13
    at D:\protractor\practice\node_modules\jasmine-data-provider\src\index.js:25:22
    at Array.forEach (native)
    at D:\protractor\practice\node_modules\jasmine-data-provider\src\index.js:20:20
    at Suite.&lt;anonymous&gt; (D:\protractor\practice\gmailLogin.js:13:9)
    at addSpecsToSuite (C:\Users\thinksysuser\AppData\Roaming\npm\node_modules\protractor\node_modules\jasmine-core\lib\jasmine-core\jasmine.js:867:25)
    at Env.describe (C:\Users\thinksysuser\AppData\Roaming\npm\node_modules\protractor\node_modules\jasmine-core\lib\jasmine-core\jasmine.js:836:7)
    at describe (C:\Users\thinksysuser\AppData\Roaming\npm\node_modules\protractor\node_modules\jasmine-core\lib\jasmine-core\jasmine.js:3576:18)
    at Object.&lt;anonymous&gt; (D:\protractor\practice\gmailLogin.js:4:1)
    at Module._compile (module.js:570:32)
    at Object.Module._extensions..js (module.js:579:10)
    at Module.load (C:\node_modules\coffee-script\lib\coffee-script\register.js:45:36)
    at tryModuleLoad (module.js:446:12)
    at Function.Module._load (module.js:438:3)
    at Module.require (module.js:497:17)
    at require (internal/module.js:20:19)
    at C:\Users\thinksysuser\AppData\Roaming\npm\node_modules\protractor\node_modules\jasmine\lib\jasmine.js:87:5
    at Array.forEach (native)
    at Jasmine.loadSpecs (C:\Users\thinksysuser\AppData\Roaming\npm\node_modules\protractor\node_modules\jasmine\lib\jasmine.js:86:18)
    at Jasmine.execute (C:\Users\thinksysuser\AppData\Roaming\npm\node_modules\protractor\node_modules\jasmine\lib\jasmine.js:181:8)
    at C:\Users\thinksysuser\AppData\Roaming\npm\node_modules\protractor\built\frameworks\jasmine.js:132:15
    at Function.promise (C:\Users\thinksysuser\AppData\Roaming\npm\node_modules\protractor\node_modules\q\q.js:682:9)
    at C:\Users\thinksysuser\AppData\Roaming\npm\node_modules\protractor\built\frameworks\jasmine.js:104:14
    at _fulfilled (C:\Users\thinksysuser\AppData\Roaming\npm\node_modules\protractor\node_modules\q\q.js:834:54)
    at self.promiseDispatch.done (C:\Users\thinksysuser\AppData\Roaming\npm\node_modules\protractor\node_modules\q\q.js:863:30)
    at Promise.promise.promiseDispatch (C:\Users\thinksysuser\AppData\Roaming\npm\node_modules\protractor\node_modules\q\q.js:796:13)
    at C:\Users\thinksysuser\AppData\Roaming\npm\node_modules\protractor\node_modules\q\q.js:556:49
    at runSingle (C:\Users\thinksysuser\AppData\Roaming\npm\node_modules\protractor\node_modules\q\q.js:137:13)
    at flush (C:\Users\thinksysuser\AppData\Roaming\npm\node_modules\protractor\node_modules\q\q.js:125:13)
    at _combinedTickCallback (internal/process/next_tick.js:67:7)
    at process._tickCallback (internal/process/next_tick.js:98:9)</stack-trace>
			</failure>
		</test-case>
		<test-case start="1491992918186" stop="1491992920275" status="failed">
			<name>validate user credential</name>
			<title>validate user credential</title>
			<description></description>
			<labels>
			</labels>
			<steps>
			</steps>
			<attachments>
			</attachments>
			<failure>
				<message>Failed: log is not defined</message>
				<stack-trace>ReferenceError: log is not defined
    at Object.&lt;anonymous&gt; (D:\protractor\practice\gmailLogin.js:22:25)
    at C:\Users\thinksysuser\AppData\Roaming\npm\node_modules\protractor\node_modules\jasminewd2\index.js:110:25
    at new ManagedPromise (C:\Users\thinksysuser\AppData\Roaming\npm\node_modules\protractor\node_modules\selenium-webdriver\lib\promise.js:1067:7)
    at ControlFlow.promise (C:\Users\thinksysuser\AppData\Roaming\npm\node_modules\protractor\node_modules\selenium-webdriver\lib\promise.js:2396:12)
    at schedulerExecute (C:\Users\thinksysuser\AppData\Roaming\npm\node_modules\protractor\node_modules\jasminewd2\index.js:95:18)
    at TaskQueue.execute_ (C:\Users\thinksysuser\AppData\Roaming\npm\node_modules\protractor\node_modules\selenium-webdriver\lib\promise.js:2970:14)
    at TaskQueue.executeNext_ (C:\Users\thinksysuser\AppData\Roaming\npm\node_modules\protractor\node_modules\selenium-webdriver\lib\promise.js:2953:27)
    at asyncRun (C:\Users\thinksysuser\AppData\Roaming\npm\node_modules\protractor\node_modules\selenium-webdriver\lib\promise.js:2860:25)
    at C:\Users\thinksysuser\AppData\Roaming\npm\node_modules\protractor\node_modules\selenium-webdriver\lib\promise.js:676:7
    at process._tickCallback (internal/process/next_tick.js:103:7)
From: Task: Run it(&quot;validate user credential&quot;) in control flow
    at Object.&lt;anonymous&gt; (C:\Users\thinksysuser\AppData\Roaming\npm\node_modules\protractor\node_modules\jasminewd2\index.js:94:19)
    at attemptAsync (C:\Users\thinksysuser\AppData\Roaming\npm\node_modules\protractor\node_modules\jasmine-core\lib\jasmine-core\jasmine.js:1980:24)
    at QueueRunner.run (C:\Users\thinksysuser\AppData\Roaming\npm\node_modules\protractor\node_modules\jasmine-core\lib\jasmine-core\jasmine.js:1935:9)
    at C:\Users\thinksysuser\AppData\Roaming\npm\node_modules\protractor\node_modules\jasmine-core\lib\jasmine-core\jasmine.js:1962:16
    at C:\Users\thinksysuser\AppData\Roaming\npm\node_modules\protractor\node_modules\jasmine-core\lib\jasmine-core\jasmine.js:1905:9
    at C:\Users\thinksysuser\AppData\Roaming\npm\node_modules\protractor\node_modules\jasminewd2\index.js:64:48
    at ControlFlow.emit (C:\Users\thinksysuser\AppData\Roaming\npm\node_modules\protractor\node_modules\selenium-webdriver\lib\events.js:62:21)
    at ControlFlow.shutdown_ (C:\Users\thinksysuser\AppData\Roaming\npm\node_modules\protractor\node_modules\selenium-webdriver\lib\promise.js:2565:10)
    at shutdownTask_.MicroTask (C:\Users\thinksysuser\AppData\Roaming\npm\node_modules\protractor\node_modules\selenium-webdriver\lib\promise.js:2490:53)
    at MicroTask.asyncRun (C:\Users\thinksysuser\AppData\Roaming\npm\node_modules\protractor\node_modules\selenium-webdriver\lib\promise.js:2619:9)
    at C:\Users\thinksysuser\AppData\Roaming\npm\node_modules\protractor\node_modules\selenium-webdriver\lib\promise.js:676:7
    at process._tickCallback (internal/process/next_tick.js:103:7)
From asynchronous test: 
Error
    at D:\protractor\practice\gmailLogin.js:15:13
    at D:\protractor\practice\node_modules\jasmine-data-provider\src\index.js:25:22
    at Array.forEach (native)
    at D:\protractor\practice\node_modules\jasmine-data-provider\src\index.js:20:20
    at Suite.&lt;anonymous&gt; (D:\protractor\practice\gmailLogin.js:13:9)
    at addSpecsToSuite (C:\Users\thinksysuser\AppData\Roaming\npm\node_modules\protractor\node_modules\jasmine-core\lib\jasmine-core\jasmine.js:867:25)
    at Env.describe (C:\Users\thinksysuser\AppData\Roaming\npm\node_modules\protractor\node_modules\jasmine-core\lib\jasmine-core\jasmine.js:836:7)
    at describe (C:\Users\thinksysuser\AppData\Roaming\npm\node_modules\protractor\node_modules\jasmine-core\lib\jasmine-core\jasmine.js:3576:18)
    at Object.&lt;anonymous&gt; (D:\protractor\practice\gmailLogin.js:4:1)
    at Module._compile (module.js:570:32)
    at Object.Module._extensions..js (module.js:579:10)
    at Module.load (C:\node_modules\coffee-script\lib\coffee-script\register.js:45:36)
    at tryModuleLoad (module.js:446:12)
    at Function.Module._load (module.js:438:3)
    at Module.require (module.js:497:17)
    at require (internal/module.js:20:19)
    at C:\Users\thinksysuser\AppData\Roaming\npm\node_modules\protractor\node_modules\jasmine\lib\jasmine.js:87:5
    at Array.forEach (native)
    at Jasmine.loadSpecs (C:\Users\thinksysuser\AppData\Roaming\npm\node_modules\protractor\node_modules\jasmine\lib\jasmine.js:86:18)
    at Jasmine.execute (C:\Users\thinksysuser\AppData\Roaming\npm\node_modules\protractor\node_modules\jasmine\lib\jasmine.js:181:8)
    at C:\Users\thinksysuser\AppData\Roaming\npm\node_modules\protractor\built\frameworks\jasmine.js:132:15
    at Function.promise (C:\Users\thinksysuser\AppData\Roaming\npm\node_modules\protractor\node_modules\q\q.js:682:9)
    at C:\Users\thinksysuser\AppData\Roaming\npm\node_modules\protractor\built\frameworks\jasmine.js:104:14
    at _fulfilled (C:\Users\thinksysuser\AppData\Roaming\npm\node_modules\protractor\node_modules\q\q.js:834:54)
    at self.promiseDispatch.done (C:\Users\thinksysuser\AppData\Roaming\npm\node_modules\protractor\node_modules\q\q.js:863:30)
    at Promise.promise.promiseDispatch (C:\Users\thinksysuser\AppData\Roaming\npm\node_modules\protractor\node_modules\q\q.js:796:13)
    at C:\Users\thinksysuser\AppData\Roaming\npm\node_modules\protractor\node_modules\q\q.js:556:49
    at runSingle (C:\Users\thinksysuser\AppData\Roaming\npm\node_modules\protractor\node_modules\q\q.js:137:13)
    at flush (C:\Users\thinksysuser\AppData\Roaming\npm\node_modules\protractor\node_modules\q\q.js:125:13)
    at _combinedTickCallback (internal/process/next_tick.js:67:7)
    at process._tickCallback (internal/process/next_tick.js:98:9)</stack-trace>
			</failure>
		</test-case>
	</test-cases>
</ns2:test-suite>